dev_emotion_tracker/android/app/build/intermediates/manifest_merge_blame_file/debug/processDebugMainManifest/manifest-merger-blame-debug-report.txt
1<?xml version="1.0" encoding="utf-8"?>
2<manifest xmlns:android="http://schemas.android.com/apk/res/android"
3    package="com.example.mood_habit_tracker"
4    android:versionCode="1"
5    android:versionName="1.0.0" >
6
7    <uses-sdk
8        android:minSdkVersion="23"
9        android:targetSdkVersion="34" />
10    <!--
11         The INTERNET permission is required for development. Specifically,
12         the Flutter tool needs it to communicate with the running application
13         to allow setting breakpoints, to provide hot reload, etc.
14    -->
15    <uses-permission android:name="android.permission.INTERNET" />
15-->src/debug/AndroidManifest.xml:6:5-66
15-->src/debug/AndroidManifest.xml:6:22-64
16    <uses-permission android:name="android.permission.CAMERA" />
16-->src/main/AndroidManifest.xml:36:5-64
16-->src/main/AndroidManifest.xml:36:22-62
17    <uses-permission android:name="android.permission.READ_EXTERNAL_STORAGE" />
17-->src/main/AndroidManifest.xml:37:5-79
17-->src/main/AndroidManifest.xml:37:22-77
18    <uses-permission
18-->src/main/AndroidManifest.xml:38:5-80
19        android:name="android.permission.WRITE_EXTERNAL_STORAGE"
19-->src/main/AndroidManifest.xml:38:22-78
20        android:maxSdkVersion="28" />
20-->[:camera_android_camerax] AndroidManifest.xml:13:9-35
21    <uses-permission android:name="android.permission.ACCESS_MEDIA_LOCATION" />
21-->src/main/AndroidManifest.xml:39:5-79
21-->src/main/AndroidManifest.xml:39:22-77
22    <!--
23 Optional: If your app needs broad access to external storage on Android 11 (API 30) and above.
24         Use with caution and only if absolutely necessary, as it requires special access.
25    -->
26    <!--
27 Features your app uses, often related to camera.
28         android:required="false" means the app can still run on devices without this feature.
29    -->
30    <uses-feature
30-->src/main/AndroidManifest.xml:44:5-84
31        android:name="android.hardware.camera"
31-->src/main/AndroidManifest.xml:44:19-57
32        android:required="false" />
32-->src/main/AndroidManifest.xml:44:58-82
33    <uses-feature
33-->src/main/AndroidManifest.xml:45:5-94
34        android:name="android.hardware.camera.autofocus"
34-->src/main/AndroidManifest.xml:45:19-67
35        android:required="false" />
35-->src/main/AndroidManifest.xml:45:68-92
36    <!--
37 Required to query activities that can process text, see:
38         https://developer.android.com/training/package-visibility and
39         https://developer.android.com/reference/android/content/Intent#ACTION_PROCESS_TEXT.
40
41         In particular, this is used by the Flutter engine in io.flutter.plugin.text.ProcessTextPlugin.
42    -->
43    <queries>
43-->src/main/AndroidManifest.xml:52:5-57:15
44        <intent>
44-->src/main/AndroidManifest.xml:53:9-56:18
45            <action android:name="android.intent.action.PROCESS_TEXT" />
45-->src/main/AndroidManifest.xml:54:13-72
45-->src/main/AndroidManifest.xml:54:21-70
46
47            <data android:mimeType="text/plain" />
47-->src/main/AndroidManifest.xml:55:13-50
47-->src/main/AndroidManifest.xml:55:19-48
48        </intent>
49    </queries>
50
51    <uses-feature android:name="android.hardware.camera.any" />
51-->[:camera_android_camerax] AndroidManifest.xml:7:5-64
51-->[:camera_android_camerax] AndroidManifest.xml:7:19-61
52
53    <uses-permission android:name="android.permission.RECORD_AUDIO" />
53-->[:camera_android_camerax] AndroidManifest.xml:10:5-71
53-->[:camera_android_camerax] AndroidManifest.xml:10:22-68
54    <uses-permission android:name="android.permission.ACCESS_NETWORK_STATE" />
54-->[com.google.firebase:firebase-auth:23.0.0] AndroidManifest.xml:26:5-79
54-->[com.google.firebase:firebase-auth:23.0.0] AndroidManifest.xml:26:22-76
55    <uses-permission android:name="android.permission.WAKE_LOCK" />
55-->[com.google.android.gms:play-services-measurement:22.0.0] AndroidManifest.xml:25:5-68
55-->[com.google.android.gms:play-services-measurement:22.0.0] AndroidManifest.xml:25:22-65
56    <uses-permission android:name="com.google.android.finsky.permission.BIND_GET_INSTALL_REFERRER_SERVICE" />
56-->[com.google.android.gms:play-services-measurement:22.0.0] AndroidManifest.xml:26:5-110
56-->[com.google.android.gms:play-services-measurement:22.0.0] AndroidManifest.xml:26:22-107
57    <uses-permission android:name="com.google.android.gms.permission.AD_ID" />
57-->[com.google.android.gms:play-services-measurement-api:22.0.0] AndroidManifest.xml:25:5-79
57-->[com.google.android.gms:play-services-measurement-api:22.0.0] AndroidManifest.xml:25:22-76
58    <uses-permission android:name="android.permission.ACCESS_ADSERVICES_ATTRIBUTION" />
58-->[com.google.android.gms:play-services-measurement-api:22.0.0] AndroidManifest.xml:26:5-88
58-->[com.google.android.gms:play-services-measurement-api:22.0.0] AndroidManifest.xml:26:22-85
59    <uses-permission android:name="android.permission.ACCESS_ADSERVICES_AD_ID" />
59-->[com.google.android.gms:play-services-measurement-api:22.0.0] AndroidManifest.xml:27:5-82
59-->[com.google.android.gms:play-services-measurement-api:22.0.0] AndroidManifest.xml:27:22-79
60    <uses-permission android:name="com.google.android.providers.gsf.permission.READ_GSERVICES" />
60-->[com.google.android.recaptcha:recaptcha:18.4.0] AndroidManifest.xml:9:5-98
60-->[com.google.android.recaptcha:recaptcha:18.4.0] AndroidManifest.xml:9:22-95
61
62    <permission
62-->[androidx.core:core:1.13.1] AndroidManifest.xml:22:5-24:47
63        android:name="com.example.mood_habit_tracker.DYNAMIC_RECEIVER_NOT_EXPORTED_PERMISSION"
63-->[androidx.core:core:1.13.1] AndroidManifest.xml:23:9-81
64        android:protectionLevel="signature" />
64-->[androidx.core:core:1.13.1] AndroidManifest.xml:24:9-44
65
66    <uses-permission android:name="com.example.mood_habit_tracker.DYNAMIC_RECEIVER_NOT_EXPORTED_PERMISSION" />
66-->[androidx.core:core:1.13.1] AndroidManifest.xml:26:5-97
66-->[androidx.core:core:1.13.1] AndroidManifest.xml:26:22-94
67
68    <application
69        android:name="android.app.Application"
70        android:appComponentFactory="androidx.core.app.CoreComponentFactory"
70-->[androidx.core:core:1.13.1] AndroidManifest.xml:28:18-86
71        android:debuggable="true"
72        android:extractNativeLibs="false"
73        android:icon="@mipmap/ic_launcher"
74        android:label="mood_habit_tracker" >
75        <activity
76            android:name="com.example.mood_habit_tracker.MainActivity"
77            android:configChanges="orientation|keyboardHidden|keyboard|screenSize|smallestScreenSize|locale|layoutDirection|fontScale|screenLayout|density|uiMode"
78            android:exported="true"
79            android:hardwareAccelerated="true"
80            android:launchMode="singleTop"
81            android:taskAffinity=""
82            android:theme="@style/LaunchTheme"
83            android:windowSoftInputMode="adjustResize" >
84
85            <!--
86                 Specifies an Android theme to apply to this Activity as soon as
87                 the Android process has started. This theme is visible to the user
88                 while the Flutter UI initializes. After that, this theme continues
89                 to determine the Window background behind the Flutter UI.
90            -->
91            <meta-data
92                android:name="io.flutter.embedding.android.NormalTheme"
93                android:resource="@style/NormalTheme" />
94
95            <intent-filter>
96                <action android:name="android.intent.action.MAIN" />
97
98                <category android:name="android.intent.category.LAUNCHER" />
99            </intent-filter>
100        </activity>
101        <!--
102             Don't delete the meta-data below.
103             This is used by the Flutter tool to generate GeneratedPluginRegistrant.java
104        -->
105        <meta-data
106            android:name="flutterEmbedding"
107            android:value="2" />
108
109        <service
109-->[:cloud_firestore] AndroidManifest.xml:8:9-12:19
110            android:name="com.google.firebase.components.ComponentDiscoveryService"
110-->[:cloud_firestore] AndroidManifest.xml:8:18-89
111            android:directBootAware="true"
111-->[com.google.firebase:firebase-common:21.0.0] AndroidManifest.xml:32:13-43
112            android:exported="false" >
112-->[com.google.firebase:firebase-auth:23.0.0] AndroidManifest.xml:68:13-37
113            <meta-data
113-->[:cloud_firestore] AndroidManifest.xml:9:13-11:85
114                android:name="com.google.firebase.components:io.flutter.plugins.firebase.firestore.FlutterFirebaseFirestoreRegistrar"
114-->[:cloud_firestore] AndroidManifest.xml:10:17-134
115                android:value="com.google.firebase.components.ComponentRegistrar" />
115-->[:cloud_firestore] AndroidManifest.xml:11:17-82
116            <meta-data
116-->[:firebase_core] AndroidManifest.xml:9:13-11:85
117                android:name="com.google.firebase.components:io.flutter.plugins.firebase.core.FlutterFirebaseCoreRegistrar"
117-->[:firebase_core] AndroidManifest.xml:10:17-124
118                android:value="com.google.firebase.components.ComponentRegistrar" />
118-->[:firebase_core] AndroidManifest.xml:11:17-82
119            <meta-data
119-->[com.google.firebase:firebase-auth:23.0.0] AndroidManifest.xml:69:13-71:85
120                android:name="com.google.firebase.components:com.google.firebase.auth.FirebaseAuthRegistrar"
120-->[com.google.firebase:firebase-auth:23.0.0] AndroidManifest.xml:70:17-109
121                android:value="com.google.firebase.components.ComponentRegistrar" />
121-->[com.google.firebase:firebase-auth:23.0.0] AndroidManifest.xml:71:17-82
122            <meta-data
122-->[com.google.firebase:firebase-firestore:25.0.0] AndroidManifest.xml:17:13-19:85
123                android:name="com.google.firebase.components:com.google.firebase.firestore.FirebaseFirestoreKtxRegistrar"
123-->[com.google.firebase:firebase-firestore:25.0.0] AndroidManifest.xml:18:17-122
124                android:value="com.google.firebase.components.ComponentRegistrar" />
124-->[com.google.firebase:firebase-firestore:25.0.0] AndroidManifest.xml:19:17-82
125            <meta-data
125-->[com.google.firebase:firebase-firestore:25.0.0] AndroidManifest.xml:20:13-22:85
126                android:name="com.google.firebase.components:com.google.firebase.firestore.FirestoreRegistrar"
126-->[com.google.firebase:firebase-firestore:25.0.0] AndroidManifest.xml:21:17-111
127                android:value="com.google.firebase.components.ComponentRegistrar" />
127-->[com.google.firebase:firebase-firestore:25.0.0] AndroidManifest.xml:22:17-82
128            <meta-data
128-->[com.google.android.gms:play-services-measurement-api:22.0.0] AndroidManifest.xml:37:13-39:85
129                android:name="com.google.firebase.components:com.google.firebase.analytics.connector.internal.AnalyticsConnectorRegistrar"
129-->[com.google.android.gms:play-services-measurement-api:22.0.0] AndroidManifest.xml:38:17-139
130                android:value="com.google.firebase.components.ComponentRegistrar" />
130-->[com.google.android.gms:play-services-measurement-api:22.0.0] AndroidManifest.xml:39:17-82
131            <meta-data
131-->[com.google.firebase:firebase-installations:18.0.0] AndroidManifest.xml:15:13-17:85
132                android:name="com.google.firebase.components:com.google.firebase.installations.FirebaseInstallationsKtxRegistrar"
132-->[com.google.firebase:firebase-installations:18.0.0] AndroidManifest.xml:16:17-130
133                android:value="com.google.firebase.components.ComponentRegistrar" />
133-->[com.google.firebase:firebase-installations:18.0.0] AndroidManifest.xml:17:17-82
134            <meta-data
134-->[com.google.firebase:firebase-installations:18.0.0] AndroidManifest.xml:18:13-20:85
135                android:name="com.google.firebase.components:com.google.firebase.installations.FirebaseInstallationsRegistrar"
135-->[com.google.firebase:firebase-installations:18.0.0] AndroidManifest.xml:19:17-127
136                android:value="com.google.firebase.components.ComponentRegistrar" />
136-->[com.google.firebase:firebase-installations:18.0.0] AndroidManifest.xml:20:17-82
137            <meta-data
137-->[com.google.firebase:firebase-common-ktx:21.0.0] AndroidManifest.xml:12:13-14:85
138                android:name="com.google.firebase.components:com.google.firebase.ktx.FirebaseCommonLegacyRegistrar"
138-->[com.google.firebase:firebase-common-ktx:21.0.0] AndroidManifest.xml:13:17-116
139                android:value="com.google.firebase.components.ComponentRegistrar" />
139-->[com.google.firebase:firebase-common-ktx:21.0.0] AndroidManifest.xml:14:17-82
140            <meta-data
140-->[com.google.firebase:firebase-common:21.0.0] AndroidManifest.xml:35:13-37:85
141                android:name="com.google.firebase.components:com.google.firebase.FirebaseCommonKtxRegistrar"
141-->[com.google.firebase:firebase-common:21.0.0] AndroidManifest.xml:36:17-109
142                android:value="com.google.firebase.components.ComponentRegistrar" />
142-->[com.google.firebase:firebase-common:21.0.0] AndroidManifest.xml:37:17-82
143        </service>
144
145        <activity
145-->[com.google.firebase:firebase-auth:23.0.0] AndroidManifest.xml:29:9-46:20
146            android:name="com.google.firebase.auth.internal.GenericIdpActivity"
146-->[com.google.firebase:firebase-auth:23.0.0] AndroidManifest.xml:30:13-80
147            android:excludeFromRecents="true"
147-->[com.google.firebase:firebase-auth:23.0.0] AndroidManifest.xml:31:13-46
148            android:exported="true"
148-->[com.google.firebase:firebase-auth:23.0.0] AndroidManifest.xml:32:13-36
149            android:launchMode="singleTask"
149-->[com.google.firebase:firebase-auth:23.0.0] AndroidManifest.xml:33:13-44
150            android:theme="@android:style/Theme.Translucent.NoTitleBar" >
150-->[com.google.firebase:firebase-auth:23.0.0] AndroidManifest.xml:34:13-72
151            <intent-filter>
151-->[com.google.firebase:firebase-auth:23.0.0] AndroidManifest.xml:35:13-45:29
152                <action android:name="android.intent.action.VIEW" />
152-->[com.google.firebase:firebase-auth:23.0.0] AndroidManifest.xml:36:17-69
152-->[com.google.firebase:firebase-auth:23.0.0] AndroidManifest.xml:36:25-66
153
154                <category android:name="android.intent.category.DEFAULT" />
154-->[com.google.firebase:firebase-auth:23.0.0] AndroidManifest.xml:38:17-76
154-->[com.google.firebase:firebase-auth:23.0.0] AndroidManifest.xml:38:27-73
155                <category android:name="android.intent.category.BROWSABLE" />
155-->[com.google.firebase:firebase-auth:23.0.0] AndroidManifest.xml:39:17-78
155-->[com.google.firebase:firebase-auth:23.0.0] AndroidManifest.xml:39:27-75
156
157                <data
157-->src/main/AndroidManifest.xml:55:13-50
158                    android:host="firebase.auth"
159                    android:path="/"
160                    android:scheme="genericidp" />
161            </intent-filter>
162        </activity>
163        <activity
163-->[com.google.firebase:firebase-auth:23.0.0] AndroidManifest.xml:47:9-64:20
164            android:name="com.google.firebase.auth.internal.RecaptchaActivity"
164-->[com.google.firebase:firebase-auth:23.0.0] AndroidManifest.xml:48:13-79
165            android:excludeFromRecents="true"
165-->[com.google.firebase:firebase-auth:23.0.0] AndroidManifest.xml:49:13-46
166            android:exported="true"
166-->[com.google.firebase:firebase-auth:23.0.0] AndroidManifest.xml:50:13-36
167            android:launchMode="singleTask"
167-->[com.google.firebase:firebase-auth:23.0.0] AndroidManifest.xml:51:13-44
168            android:theme="@android:style/Theme.Translucent.NoTitleBar" >
168-->[com.google.firebase:firebase-auth:23.0.0] AndroidManifest.xml:52:13-72
169            <intent-filter>
169-->[com.google.firebase:firebase-auth:23.0.0] AndroidManifest.xml:53:13-63:29
170                <action android:name="android.intent.action.VIEW" />
170-->[com.google.firebase:firebase-auth:23.0.0] AndroidManifest.xml:36:17-69
170-->[com.google.firebase:firebase-auth:23.0.0] AndroidManifest.xml:36:25-66
171
172                <category android:name="android.intent.category.DEFAULT" />
172-->[com.google.firebase:firebase-auth:23.0.0] AndroidManifest.xml:38:17-76
172-->[com.google.firebase:firebase-auth:23.0.0] AndroidManifest.xml:38:27-73
173                <category android:name="android.intent.category.BROWSABLE" />
173-->[com.google.firebase:firebase-auth:23.0.0] AndroidManifest.xml:39:17-78
173-->[com.google.firebase:firebase-auth:23.0.0] AndroidManifest.xml:39:27-75
174
175                <data
175-->src/main/AndroidManifest.xml:55:13-50
176                    android:host="firebase.auth"
177                    android:path="/"
178                    android:scheme="recaptcha" />
179            </intent-filter>
180        </activity>
181
182        <service
182-->[androidx.camera:camera-camera2:1.4.1] AndroidManifest.xml:24:9-33:19
183            android:name="androidx.camera.core.impl.MetadataHolderService"
183-->[androidx.camera:camera-camera2:1.4.1] AndroidManifest.xml:25:13-75
184            android:enabled="false"
184-->[androidx.camera:camera-camera2:1.4.1] AndroidManifest.xml:26:13-36
185            android:exported="false" >
185-->[androidx.camera:camera-camera2:1.4.1] AndroidManifest.xml:27:13-37
186            <meta-data
186-->[androidx.camera:camera-camera2:1.4.1] AndroidManifest.xml:30:13-32:89
187                android:name="androidx.camera.core.impl.MetadataHolderService.DEFAULT_CONFIG_PROVIDER"
187-->[androidx.camera:camera-camera2:1.4.1] AndroidManifest.xml:31:17-103
188                android:value="androidx.camera.camera2.Camera2Config$DefaultProvider" />
188-->[androidx.camera:camera-camera2:1.4.1] AndroidManifest.xml:32:17-86
189        </service>
190
191        <provider
191-->[:image_picker_android] AndroidManifest.xml:9:9-17:20
192            android:name="io.flutter.plugins.imagepicker.ImagePickerFileProvider"
192-->[:image_picker_android] AndroidManifest.xml:10:13-82
193            android:authorities="com.example.mood_habit_tracker.flutter.image_provider"
193-->[:image_picker_android] AndroidManifest.xml:11:13-74
194            android:exported="false"
194-->[:image_picker_android] AndroidManifest.xml:12:13-37
195            android:grantUriPermissions="true" >
195-->[:image_picker_android] AndroidManifest.xml:13:13-47
196            <meta-data
196-->[:image_picker_android] AndroidManifest.xml:14:13-16:75
197                android:name="android.support.FILE_PROVIDER_PATHS"
197-->[:image_picker_android] AndroidManifest.xml:15:17-67
198                android:resource="@xml/flutter_image_picker_file_paths" />
198-->[:image_picker_android] AndroidManifest.xml:16:17-72
199        </provider> <!-- Trigger Google Play services to install the backported photo picker module. -->
200        <service
200-->[:image_picker_android] AndroidManifest.xml:19:9-31:19
201            android:name="com.google.android.gms.metadata.ModuleDependencies"
201-->[:image_picker_android] AndroidManifest.xml:20:13-78
202            android:enabled="false"
202-->[:image_picker_android] AndroidManifest.xml:21:13-36
203            android:exported="false" >
203-->[:image_picker_android] AndroidManifest.xml:22:13-37
204            <intent-filter>
204-->[:image_picker_android] AndroidManifest.xml:24:13-26:29
205                <action android:name="com.google.android.gms.metadata.MODULE_DEPENDENCIES" />
205-->[:image_picker_android] AndroidManifest.xml:25:17-94
205-->[:image_picker_android] AndroidManifest.xml:25:25-91
206            </intent-filter>
207
208            <meta-data
208-->[:image_picker_android] AndroidManifest.xml:28:13-30:36
209                android:name="photopicker_activity:0:required"
209-->[:image_picker_android] AndroidManifest.xml:29:17-63
210                android:value="" />
210-->[:image_picker_android] AndroidManifest.xml:30:17-33
211        </service>
212
213        <receiver
213-->[com.google.android.gms:play-services-measurement:22.0.0] AndroidManifest.xml:29:9-33:20
214            android:name="com.google.android.gms.measurement.AppMeasurementReceiver"
214-->[com.google.android.gms:play-services-measurement:22.0.0] AndroidManifest.xml:30:13-85
215            android:enabled="true"
215-->[com.google.android.gms:play-services-measurement:22.0.0] AndroidManifest.xml:31:13-35
216            android:exported="false" >
216-->[com.google.android.gms:play-services-measurement:22.0.0] AndroidManifest.xml:32:13-37
217        </receiver>
218
219        <service
219-->[com.google.android.gms:play-services-measurement:22.0.0] AndroidManifest.xml:35:9-38:40
220            android:name="com.google.android.gms.measurement.AppMeasurementService"
220-->[com.google.android.gms:play-services-measurement:22.0.0] AndroidManifest.xml:36:13-84
221            android:enabled="true"
221-->[com.google.android.gms:play-services-measurement:22.0.0] AndroidManifest.xml:37:13-35
222            android:exported="false" />
222-->[com.google.android.gms:play-services-measurement:22.0.0] AndroidManifest.xml:38:13-37
223        <service
223-->[com.google.android.gms:play-services-measurement:22.0.0] AndroidManifest.xml:39:9-43:72
224            android:name="com.google.android.gms.measurement.AppMeasurementJobService"
224-->[com.google.android.gms:play-services-measurement:22.0.0] AndroidManifest.xml:40:13-87
225            android:enabled="true"
225-->[com.google.android.gms:play-services-measurement:22.0.0] AndroidManifest.xml:41:13-35
226            android:exported="false"
226-->[com.google.android.gms:play-services-measurement:22.0.0] AndroidManifest.xml:42:13-37
227            android:permission="android.permission.BIND_JOB_SERVICE" />
227-->[com.google.android.gms:play-services-measurement:22.0.0] AndroidManifest.xml:43:13-69
228
229        <property
229-->[com.google.android.gms:play-services-measurement-api:22.0.0] AndroidManifest.xml:30:9-32:61
230            android:name="android.adservices.AD_SERVICES_CONFIG"
230-->[com.google.android.gms:play-services-measurement-api:22.0.0] AndroidManifest.xml:31:13-65
231            android:resource="@xml/ga_ad_services_config" />
231-->[com.google.android.gms:play-services-measurement-api:22.0.0] AndroidManifest.xml:32:13-58
232
233        <service
233-->[androidx.credentials:credentials-play-services-auth:1.2.0-rc01] AndroidManifest.xml:24:9-32:19
234            android:name="androidx.credentials.playservices.CredentialProviderMetadataHolder"
234-->[androidx.credentials:credentials-play-services-auth:1.2.0-rc01] AndroidManifest.xml:25:13-94
235            android:enabled="true"
235-->[androidx.credentials:credentials-play-services-auth:1.2.0-rc01] AndroidManifest.xml:26:13-35
236            android:exported="false" >
236-->[androidx.credentials:credentials-play-services-auth:1.2.0-rc01] AndroidManifest.xml:27:13-37
237            <meta-data
237-->[androidx.credentials:credentials-play-services-auth:1.2.0-rc01] AndroidManifest.xml:29:13-31:104
238                android:name="androidx.credentials.CREDENTIAL_PROVIDER_KEY"
238-->[androidx.credentials:credentials-play-services-auth:1.2.0-rc01] AndroidManifest.xml:30:17-76
239                android:value="androidx.credentials.playservices.CredentialProviderPlayServicesImpl" />
239-->[androidx.credentials:credentials-play-services-auth:1.2.0-rc01] AndroidManifest.xml:31:17-101
240        </service>
241
242        <activity
242-->[androidx.credentials:credentials-play-services-auth:1.2.0-rc01] AndroidManifest.xml:34:9-41:20
243            android:name="androidx.credentials.playservices.HiddenActivity"
243-->[androidx.credentials:credentials-play-services-auth:1.2.0-rc01] AndroidManifest.xml:35:13-76
244            android:configChanges="orientation|screenSize|screenLayout|keyboardHidden"
244-->[androidx.credentials:credentials-play-services-auth:1.2.0-rc01] AndroidManifest.xml:36:13-87
245            android:enabled="true"
245-->[androidx.credentials:credentials-play-services-auth:1.2.0-rc01] AndroidManifest.xml:37:13-35
246            android:exported="false"
246-->[androidx.credentials:credentials-play-services-auth:1.2.0-rc01] AndroidManifest.xml:38:13-37
247            android:fitsSystemWindows="true"
247-->[androidx.credentials:credentials-play-services-auth:1.2.0-rc01] AndroidManifest.xml:39:13-45
248            android:theme="@style/Theme.Hidden" >
248-->[androidx.credentials:credentials-play-services-auth:1.2.0-rc01] AndroidManifest.xml:40:13-48
249        </activity>
250        <activity
250-->[com.google.android.gms:play-services-auth:20.7.0] AndroidManifest.xml:23:9-27:75
251            android:name="com.google.android.gms.auth.api.signin.internal.SignInHubActivity"
251-->[com.google.android.gms:play-services-auth:20.7.0] AndroidManifest.xml:24:13-93
252            android:excludeFromRecents="true"
252-->[com.google.android.gms:play-services-auth:20.7.0] AndroidManifest.xml:25:13-46
253            android:exported="false"
253-->[com.google.android.gms:play-services-auth:20.7.0] AndroidManifest.xml:26:13-37
254            android:theme="@android:style/Theme.Translucent.NoTitleBar" />
254-->[com.google.android.gms:play-services-auth:20.7.0] AndroidManifest.xml:27:13-72
255        <!--
256            Service handling Google Sign-In user revocation. For apps that do not integrate with
257            Google Sign-In, this service will never be started.
258        -->
259        <service
259-->[com.google.android.gms:play-services-auth:20.7.0] AndroidManifest.xml:33:9-37:51
260            android:name="com.google.android.gms.auth.api.signin.RevocationBoundService"
260-->[com.google.android.gms:play-services-auth:20.7.0] AndroidManifest.xml:34:13-89
261            android:exported="true"
261-->[com.google.android.gms:play-services-auth:20.7.0] AndroidManifest.xml:35:13-36
262            android:permission="com.google.android.gms.auth.api.signin.permission.REVOCATION_NOTIFICATION"
262-->[com.google.android.gms:play-services-auth:20.7.0] AndroidManifest.xml:36:13-107
263            android:visibleToInstantApps="true" />
263-->[com.google.android.gms:play-services-auth:20.7.0] AndroidManifest.xml:37:13-48
264
265        <provider
265-->[com.google.firebase:firebase-common:21.0.0] AndroidManifest.xml:23:9-28:39
266            android:name="com.google.firebase.provider.FirebaseInitProvider"
266-->[com.google.firebase:firebase-common:21.0.0] AndroidManifest.xml:24:13-77
267            android:authorities="com.example.mood_habit_tracker.firebaseinitprovider"
267-->[com.google.firebase:firebase-common:21.0.0] AndroidManifest.xml:25:13-72
268            android:directBootAware="true"
268-->[com.google.firebase:firebase-common:21.0.0] AndroidManifest.xml:26:13-43
269            android:exported="false"
269-->[com.google.firebase:firebase-common:21.0.0] AndroidManifest.xml:27:13-37
270            android:initOrder="100" />
270-->[com.google.firebase:firebase-common:21.0.0] AndroidManifest.xml:28:13-36
271
272        <activity
272-->[com.google.android.gms:play-services-base:18.0.1] AndroidManifest.xml:20:9-22:45
273            android:name="com.google.android.gms.common.api.GoogleApiActivity"
273-->[com.google.android.gms:play-services-base:18.0.1] AndroidManifest.xml:20:19-85
274            android:exported="false"
274-->[com.google.android.gms:play-services-base:18.0.1] AndroidManifest.xml:22:19-43
275            android:theme="@android:style/Theme.Translucent.NoTitleBar" />
275-->[com.google.android.gms:play-services-base:18.0.1] AndroidManifest.xml:21:19-78
276
277        <provider
277-->[androidx.lifecycle:lifecycle-process:2.7.0] AndroidManifest.xml:24:9-32:20
278            android:name="androidx.startup.InitializationProvider"
278-->[androidx.lifecycle:lifecycle-process:2.7.0] AndroidManifest.xml:25:13-67
279            android:authorities="com.example.mood_habit_tracker.androidx-startup"
279-->[androidx.lifecycle:lifecycle-process:2.7.0] AndroidManifest.xml:26:13-68
280            android:exported="false" >
280-->[androidx.lifecycle:lifecycle-process:2.7.0] AndroidManifest.xml:27:13-37
281            <meta-data
281-->[androidx.lifecycle:lifecycle-process:2.7.0] AndroidManifest.xml:29:13-31:52
282                android:name="androidx.lifecycle.ProcessLifecycleInitializer"
282-->[androidx.lifecycle:lifecycle-process:2.7.0] AndroidManifest.xml:30:17-78
283                android:value="androidx.startup" />
283-->[androidx.lifecycle:lifecycle-process:2.7.0] AndroidManifest.xml:31:17-49
284            <meta-data
284-->[androidx.profileinstaller:profileinstaller:1.3.1] AndroidManifest.xml:29:13-31:52
285                android:name="androidx.profileinstaller.ProfileInstallerInitializer"
285-->[androidx.profileinstaller:profileinstaller:1.3.1] AndroidManifest.xml:30:17-85
286                android:value="androidx.startup" />
286-->[androidx.profileinstaller:profileinstaller:1.3.1] AndroidManifest.xml:31:17-49
287        </provider>
288
289        <uses-library
289-->[androidx.window:window:1.2.0] AndroidManifest.xml:23:9-25:40
290            android:name="androidx.window.extensions"
290-->[androidx.window:window:1.2.0] AndroidManifest.xml:24:13-54
291            android:required="false" />
291-->[androidx.window:window:1.2.0] AndroidManifest.xml:25:13-37
292        <uses-library
292-->[androidx.window:window:1.2.0] AndroidManifest.xml:26:9-28:40
293            android:name="androidx.window.sidecar"
293-->[androidx.window:window:1.2.0] AndroidManifest.xml:27:13-51
294            android:required="false" />
294-->[androidx.window:window:1.2.0] AndroidManifest.xml:28:13-37
295        <uses-library
295-->[androidx.privacysandbox.ads:ads-adservices:1.0.0-beta05] AndroidManifest.xml:23:9-25:40
296            android:name="android.ext.adservices"